# JRE version: Java(TM) SE Runtime Environment (8.0_281-b09) (build 1.8.0_281-b09)
# Java VM: Java HotSpot(TM) 64-Bit Server VM (25.281-b09 mixed mode bsd-amd64 compressed oops)
Heap:
 PSYoungGen      total 141824K, used 104891K [0x000000076ab00000, 0x000000077c000000, 0x00000007c0000000)
  eden space 131072K, 80% used [0x000000076ab00000,0x000000077116eed0,0x0000000772b00000)
  from space 10752K, 0% used [0x0000000772b00000,0x0000000772b00000,0x0000000773580000)
  to   space 10752K, 0% used [0x000000077b580000,0x000000077b580000,0x000000077c000000)
 ParOldGen       total 80896K, used 5920K [0x00000006c0000000, 0x00000006c4f00000, 0x000000076ab00000)
  object space 80896K, 7% used [0x00000006c0000000,0x00000006c05c8248,0x00000006c4f00000)
 Metaspace       used 30918K, capacity 32974K, committed 33280K, reserved 1077248K
  class space    used 4169K, capacity 4552K, committed 4608K, reserved 1048576K
GC Heap History (8 events):
Event: 0.837 GC heap before
{Heap before GC invocations=1 (full 0):
 PSYoungGen      total 76288K, used 65536K [0x000000076ab00000, 0x0000000770000000, 0x00000007c0000000)
  eden space 65536K, 100% used [0x000000076ab00000,0x000000076eb00000,0x000000076eb00000)
  from space 10752K, 0% used [0x000000076f580000,0x000000076f580000,0x0000000770000000)
  to   space 10752K, 0% used [0x000000076eb00000,0x000000076eb00000,0x000000076f580000)
 ParOldGen       total 175104K, used 0K [0x00000006c0000000, 0x00000006cab00000, 0x000000076ab00000)
  object space 175104K, 0% used [0x00000006c0000000,0x00000006c0000000,0x00000006cab00000)
 Metaspace       used 15048K, capacity 15744K, committed 16000K, reserved 1062912K
  class space    used 1945K, capacity 2130K, committed 2176K, reserved 1048576K
Event: 0.851 GC heap after
Heap after GC invocations=1 (full 0):
 PSYoungGen      total 76288K, used 8468K [0x000000076ab00000, 0x0000000774000000, 0x00000007c0000000)
  eden space 65536K, 0% used [0x000000076ab00000,0x000000076ab00000,0x000000076eb00000)
  from space 10752K, 78% used [0x000000076eb00000,0x000000076f3452c0,0x000000076f580000)
  to   space 10752K, 0% used [0x0000000773580000,0x0000000773580000,0x0000000774000000)
 ParOldGen       total 175104K, used 8K [0x00000006c0000000, 0x00000006cab00000, 0x000000076ab00000)
  object space 175104K, 0% used [0x00000006c0000000,0x00000006c0002000,0x00000006cab00000)
 Metaspace       used 15048K, capacity 15744K, committed 16000K, reserved 1062912K
  class space    used 1945K, capacity 2130K, committed 2176K, reserved 1048576K
}
Event: 1.387 GC heap before
{Heap before GC invocations=2 (full 0):
 PSYoungGen      total 76288K, used 74004K [0x000000076ab00000, 0x0000000774000000, 0x00000007c0000000)
  eden space 65536K, 100% used [0x000000076ab00000,0x000000076eb00000,0x000000076eb00000)
  from space 10752K, 78% used [0x000000076eb00000,0x000000076f3452c0,0x000000076f580000)
  to   space 10752K, 0% used [0x0000000773580000,0x0000000773580000,0x0000000774000000)
 ParOldGen       total 175104K, used 8K [0x00000006c0000000, 0x00000006cab00000, 0x000000076ab00000)
  object space 175104K, 0% used [0x00000006c0000000,0x00000006c0002000,0x00000006cab00000)
 Metaspace       used 19972K, capacity 21032K, committed 21120K, reserved 1067008K
  class space    used 2661K, capacity 2900K, committed 2944K, reserved 1048576K
Event: 1.406 GC heap after
Heap after GC invocations=2 (full 0):
 PSYoungGen      total 141824K, used 10746K [0x000000076ab00000, 0x0000000774000000, 0x00000007c0000000)
  eden space 131072K, 0% used [0x000000076ab00000,0x000000076ab00000,0x0000000772b00000)
  from space 10752K, 99% used [0x0000000773580000,0x0000000773ffeb60,0x0000000774000000)
  to   space 10752K, 0% used [0x0000000772b00000,0x0000000772b00000,0x0000000773580000)
 ParOldGen       total 175104K, used 64K [0x00000006c0000000, 0x00000006cab00000, 0x000000076ab00000)
  object space 175104K, 0% used [0x00000006c0000000,0x00000006c00103f8,0x00000006cab00000)
 Metaspace       used 19972K, capacity 21032K, committed 21120K, reserved 1067008K
  class space    used 2661K, capacity 2900K, committed 2944K, reserved 1048576K
}
Event: 1.473 GC heap before
{Heap before GC invocations=3 (full 0):
 PSYoungGen      total 141824K, used 16181K [0x000000076ab00000, 0x0000000774000000, 0x00000007c0000000)
  eden space 131072K, 4% used [0x000000076ab00000,0x000000076b04e8d0,0x0000000772b00000)
  from space 10752K, 99% used [0x0000000773580000,0x0000000773ffeb60,0x0000000774000000)
  to   space 10752K, 0% used [0x0000000772b00000,0x0000000772b00000,0x0000000773580000)
 ParOldGen       total 175104K, used 64K [0x00000006c0000000, 0x00000006cab00000, 0x000000076ab00000)
  object space 175104K, 0% used [0x00000006c0000000,0x00000006c00103f8,0x00000006cab00000)
 Metaspace       used 20209K, capacity 21268K, committed 21296K, reserved 1067008K
  class space    used 2697K, capacity 2934K, committed 2944K, reserved 1048576K
Event: 1.489 GC heap after
Heap after GC invocations=3 (full 0):
 PSYoungGen      total 141824K, used 6067K [0x000000076ab00000, 0x000000077c000000, 0x00000007c0000000)
  eden space 131072K, 0% used [0x000000076ab00000,0x000000076ab00000,0x0000000772b00000)
  from space 10752K, 56% used [0x0000000772b00000,0x00000007730ecc90,0x0000000773580000)
  to   space 10752K, 0% used [0x000000077b580000,0x000000077b580000,0x000000077c000000)
 ParOldGen       total 175104K, used 72K [0x00000006c0000000, 0x00000006cab00000, 0x000000076ab00000)
  object space 175104K, 0% used [0x00000006c0000000,0x00000006c00123f8,0x00000006cab00000)
 Metaspace       used 20209K, capacity 21268K, committed 21296K, reserved 1067008K
  class space    used 2697K, capacity 2934K, committed 2944K, reserved 1048576K
}
Event: 1.489 GC heap before
{Heap before GC invocations=4 (full 1):
 PSYoungGen      total 141824K, used 6067K [0x000000076ab00000, 0x000000077c000000, 0x00000007c0000000)
  eden space 131072K, 0% used [0x000000076ab00000,0x000000076ab00000,0x0000000772b00000)
  from space 10752K, 56% used [0x0000000772b00000,0x00000007730ecc90,0x0000000773580000)
  to   space 10752K, 0% used [0x000000077b580000,0x000000077b580000,0x000000077c000000)
 ParOldGen       total 175104K, used 72K [0x00000006c0000000, 0x00000006cab00000, 0x000000076ab00000)
  object space 175104K, 0% used [0x00000006c0000000,0x00000006c00123f8,0x00000006cab00000)
 Metaspace       used 20209K, capacity 21268K, committed 21296K, reserved 1067008K
  class space    used 2697K, capacity 2934K, committed 2944K, reserved 1048576K
Event: 1.508 GC heap after
Heap after GC invocations=4 (full 1):
 PSYoungGen      total 141824K, used 0K [0x000000076ab00000, 0x000000077c000000, 0x00000007c0000000)
  eden space 131072K, 0% used [0x000000076ab00000,0x000000076ab00000,0x0000000772b00000)
  from space 10752K, 0% used [0x0000000772b00000,0x0000000772b00000,0x0000000773580000)
  to   space 10752K, 0% used [0x000000077b580000,0x000000077b580000,0x000000077c000000)
 ParOldGen       total 80896K, used 5920K [0x00000006c0000000, 0x00000006c4f00000, 0x000000076ab00000)
  object space 80896K, 7% used [0x00000006c0000000,0x00000006c05c8248,0x00000006c4f00000)
 Metaspace       used 20209K, capacity 21268K, committed 21296K, reserved 1067008K
  class space    used 2697K, capacity 2934K, committed 2944K, reserved 1048576K
}

